<?xml version="1.0" encoding="UTF-8"?>
<testsuite name="ru.Netology.rest.MobileBankApiTestV1" tests="1" skipped="0" failures="0" errors="0" timestamp="2022-02-23T14:58:01" hostname="USER-ПК" time="0.931">
  <properties/>
  <testcase name="shouldReturnDemoAccounts()" classname="ru.Netology.rest.MobileBankApiTestV1" time="0.931"/>
  <system-out><![CDATA[]]></system-out>
  <system-err><![CDATA[Warning: Nashorn engine is planned to be removed from a future JDK release
]]></system-err>
</testsuite>
