<?xml version="1.0" encoding="UTF-8"?>
<testsuite name="ru.Netology.rest.MobileBankApiTestV2" tests="1" skipped="0" failures="0" errors="0" timestamp="2022-02-23T14:58:02" hostname="USER-ПК" time="0.016">
  <properties/>
  <testcase name="shouldReturnDemoAccounts()" classname="ru.Netology.rest.MobileBankApiTestV2" time="0.016"/>
  <system-out><![CDATA[]]></system-out>
  <system-err><![CDATA[]]></system-err>
</testsuite>
